<?xml version="1.0" encoding="UTF-8"?>
<!-- Generated by org.testng.reporters.JUnitReportReporter -->
<testsuite hostname="IND241" name="BuynowTest" tests="2" failures="0" timestamp="27 Dec 2019 08:22:46 GMT" time="17.865" errors="0">
  <testcase name="MainPageTitleTest" time="7.963" classname="BuynowTest"/>
  <testcase name="enterdetails_cart" time="9.902" classname="BuynowTest"/>
</testsuite> <!-- BuynowTest -->
